int           line 1 is RESERVADA 
a           line 1 is IDENTIFICADOR 
;           line 1 is PUNTUACION 
void           line 3 is RESERVADA 
main           line 3 is IDENTIFICADOR 
()           line 3 is PUNTUACION 
{           line 3 is PUNTUACION 
int           line 4 is RESERVADA 
b           line 4 is IDENTIFICADOR 
;           line 4 is PUNTUACION 
int           line 5 is RESERVADA 
a           line 5 is IDENTIFICADOR 
;           line 5 is PUNTUACION 
int           line 6 is RESERVADA 
d           line 6 is IDENTIFICADOR 
;           line 6 is PUNTUACION 
d           line 8 is IDENTIFICADOR 
=           line 8 is PUNTUACION 
2           line 8 is CONSTANTE_ENTERA 
+           line 8 is PUNTUACION 
3           line 8 is CONSTANTE_ENTERA 
*           line 8 is PUNTUACION 
4           line 8 is CONSTANTE_ENTERA 
-           line 8 is PUNTUACION 
6           line 8 is CONSTANTE_ENTERA 
;           line 8 is PUNTUACION 
b           line 9 is IDENTIFICADOR 
=           line 9 is PUNTUACION 
3           line 9 is CONSTANTE_ENTERA 
;           line 9 is PUNTUACION 
a           line 10 is IDENTIFICADOR 
=           line 10 is PUNTUACION 
b           line 10 is IDENTIFICADOR 
+           line 10 is PUNTUACION 
2           line 10 is CONSTANTE_ENTERA 
;           line 10 is PUNTUACION 
}           line 11 is PUNTUACION 
FIN